<?xml version="1.0" encoding="UTF-8"?>
<Site BuildName="(empty)"
	BuildStamp="20231027-1651-Experimental"
	Name="Home"
	Generator="ctest-3.28.0-rc2"
	CompilerName="/usr/bin/g++"
	CompilerVersion="9.4.0"
	OSName="Linux"
	Hostname="Home"
	OSRelease="5.15.133.1-microsoft-standard-WSL2"
	OSVersion="#1 SMP Thu Oct 5 21:02:42 UTC 2023"
	OSPlatform="x86_64"
	Is64Bits="1"
	VendorString="AuthenticAMD"
	VendorID="Advanced Micro Devices"
	FamilyID="23"
	ModelID="113"
	ProcessorCacheSize="512"
	NumberOfLogicalCPU="12"
	NumberOfPhysicalCPU="6"
	TotalVirtualMemory="8192"
	TotalPhysicalMemory="32063"
	LogicalProcessorsPerPhysical="2"
	ProcessorClockFrequency="3600.03"
	>
	<Testing>
		<StartDateTime>Oct 28 02:27 CST</StartDateTime>
		<StartTestTime>1698431229</StartTestTime>
		<TestList/>
		<EndDateTime>Oct 28 02:27 CST</EndDateTime>
		<EndTestTime>1698431229</EndTestTime>
		<ElapsedMinutes>0</ElapsedMinutes>
	</Testing>
</Site>
